# JRE version: OpenJDK Runtime Environment (8.0_152-b02) (build 1.8.0_152-release-1024-b02)
# Java VM: OpenJDK 64-Bit Server VM (25.152-b02 mixed mode windows-amd64 compressed oops)
Heap:
 PSYoungGen      total 215040K, used 98942K [0x00000000e0000000, 0x00000000edf80000, 0x0000000100000000)
  eden space 201216K, 42% used [0x00000000e0000000,0x00000000e5322920,0x00000000ec480000)
  from space 13824K, 99% used [0x00000000ec480000,0x00000000ed1fcee8,0x00000000ed200000)
  to   space 11264K, 0% used [0x00000000ed480000,0x00000000ed480000,0x00000000edf80000)
 ParOldGen       total 96256K, used 22985K [0x00000000a0000000, 0x00000000a5e00000, 0x00000000e0000000)
  object space 96256K, 23% used [0x00000000a0000000,0x00000000a1672440,0x00000000a5e00000)
 Metaspace       used 52951K, capacity 54622K, committed 54784K, reserved 1095680K
  class space    used 7245K, capacity 7610K, committed 7680K, reserved 1048576K
GC Heap History (10 events):
Event: 2.357 GC heap before
{Heap before GC invocations=5 (full 1):
 PSYoungGen      total 138240K, used 5108K [0x00000000e0000000, 0x00000000e8c00000, 0x0000000100000000)
  eden space 133120K, 0% used [0x00000000e0000000,0x00000000e0000000,0x00000000e8200000)
  from space 5120K, 99% used [0x00000000e8700000,0x00000000e8bfd060,0x00000000e8c00000)
  to   space 5120K, 0% used [0x00000000e8200000,0x00000000e8200000,0x00000000e8700000)
 ParOldGen       total 87552K, used 8987K [0x00000000a0000000, 0x00000000a5580000, 0x00000000e0000000)
  object space 87552K, 10% used [0x00000000a0000000,0x00000000a08c6dc8,0x00000000a5580000)
 Metaspace       used 20797K, capacity 21200K, committed 21248K, reserved 1067008K
  class space    used 2903K, capacity 3042K, committed 3072K, reserved 1048576K
Event: 2.395 GC heap after
Heap after GC invocations=5 (full 1):
 PSYoungGen      total 138240K, used 0K [0x00000000e0000000, 0x00000000e8c00000, 0x0000000100000000)
  eden space 133120K, 0% used [0x00000000e0000000,0x00000000e0000000,0x00000000e8200000)
  from space 5120K, 0% used [0x00000000e8700000,0x00000000e8700000,0x00000000e8c00000)
  to   space 5120K, 0% used [0x00000000e8200000,0x00000000e8200000,0x00000000e8700000)
 ParOldGen       total 61440K, used 8186K [0x00000000a0000000, 0x00000000a3c00000, 0x00000000e0000000)
  object space 61440K, 13% used [0x00000000a0000000,0x00000000a07fe9d8,0x00000000a3c00000)
 Metaspace       used 20797K, capacity 21200K, committed 21248K, reserved 1067008K
  class space    used 2903K, capacity 3042K, committed 3072K, reserved 1048576K
}
Event: 5.000 GC heap before
{Heap before GC invocations=6 (full 1):
 PSYoungGen      total 138240K, used 133120K [0x00000000e0000000, 0x00000000e8c00000, 0x0000000100000000)
  eden space 133120K, 100% used [0x00000000e0000000,0x00000000e8200000,0x00000000e8200000)
  from space 5120K, 0% used [0x00000000e8700000,0x00000000e8700000,0x00000000e8c00000)
  to   space 5120K, 0% used [0x00000000e8200000,0x00000000e8200000,0x00000000e8700000)
 ParOldGen       total 61440K, used 8186K [0x00000000a0000000, 0x00000000a3c00000, 0x00000000e0000000)
  object space 61440K, 13% used [0x00000000a0000000,0x00000000a07fe9d8,0x00000000a3c00000)
 Metaspace       used 30049K, capacity 30578K, committed 30848K, reserved 1075200K
  class space    used 4211K, capacity 4366K, committed 4480K, reserved 1048576K
Event: 5.012 GC heap after
Heap after GC invocations=6 (full 1):
 PSYoungGen      total 138240K, used 5120K [0x00000000e0000000, 0x00000000ee300000, 0x0000000100000000)
  eden space 133120K, 0% used [0x00000000e0000000,0x00000000e0000000,0x00000000e8200000)
  from space 5120K, 100% used [0x00000000e8200000,0x00000000e8700000,0x00000000e8700000)
  to   space 14848K, 0% used [0x00000000ed480000,0x00000000ed480000,0x00000000ee300000)
 ParOldGen       total 61440K, used 16407K [0x00000000a0000000, 0x00000000a3c00000, 0x00000000e0000000)
  object space 61440K, 26% used [0x00000000a0000000,0x00000000a1005ea8,0x00000000a3c00000)
 Metaspace       used 30049K, capacity 30578K, committed 30848K, reserved 1075200K
  class space    used 4211K, capacity 4366K, committed 4480K, reserved 1048576K
}
Event: 5.431 GC heap before
{Heap before GC invocations=7 (full 1):
 PSYoungGen      total 138240K, used 29014K [0x00000000e0000000, 0x00000000ee300000, 0x0000000100000000)
  eden space 133120K, 17% used [0x00000000e0000000,0x00000000e1755a58,0x00000000e8200000)
  from space 5120K, 100% used [0x00000000e8200000,0x00000000e8700000,0x00000000e8700000)
  to   space 14848K, 0% used [0x00000000ed480000,0x00000000ed480000,0x00000000ee300000)
 ParOldGen       total 61440K, used 16407K [0x00000000a0000000, 0x00000000a3c00000, 0x00000000e0000000)
  object space 61440K, 26% used [0x00000000a0000000,0x00000000a1005ea8,0x00000000a3c00000)
 Metaspace       used 34679K, capacity 35324K, committed 35416K, reserved 1079296K
  class space    used 4783K, capacity 4976K, committed 4992K, reserved 1048576K
Event: 5.437 GC heap after
Heap after GC invocations=7 (full 1):
 PSYoungGen      total 212480K, used 8496K [0x00000000e0000000, 0x00000000edf80000, 0x0000000100000000)
  eden space 201216K, 0% used [0x00000000e0000000,0x00000000e0000000,0x00000000ec480000)
  from space 11264K, 75% used [0x00000000ed480000,0x00000000edccc2f0,0x00000000edf80000)
  to   space 13824K, 0% used [0x00000000ec480000,0x00000000ec480000,0x00000000ed200000)
 ParOldGen       total 61440K, used 16415K [0x00000000a0000000, 0x00000000a3c00000, 0x00000000e0000000)
  object space 61440K, 26% used [0x00000000a0000000,0x00000000a1007ea8,0x00000000a3c00000)
 Metaspace       used 34679K, capacity 35324K, committed 35416K, reserved 1079296K
  class space    used 4783K, capacity 4976K, committed 4992K, reserved 1048576K
}
Event: 5.437 GC heap before
{Heap before GC invocations=8 (full 2):
 PSYoungGen      total 212480K, used 8496K [0x00000000e0000000, 0x00000000edf80000, 0x0000000100000000)
  eden space 201216K, 0% used [0x00000000e0000000,0x00000000e0000000,0x00000000ec480000)
  from space 11264K, 75% used [0x00000000ed480000,0x00000000edccc2f0,0x00000000edf80000)
  to   space 13824K, 0% used [0x00000000ec480000,0x00000000ec480000,0x00000000ed200000)
 ParOldGen       total 61440K, used 16415K [0x00000000a0000000, 0x00000000a3c00000, 0x00000000e0000000)
  object space 61440K, 26% used [0x00000000a0000000,0x00000000a1007ea8,0x00000000a3c00000)
 Metaspace       used 34679K, capacity 35324K, committed 35416K, reserved 1079296K
  class space    used 4783K, capacity 4976K, committed 4992K, reserved 1048576K
Event: 5.475 GC heap after
Heap after GC invocations=8 (full 2):
 PSYoungGen      total 212480K, used 0K [0x00000000e0000000, 0x00000000edf80000, 0x0000000100000000)
  eden space 201216K, 0% used [0x00000000e0000000,0x00000000e0000000,0x00000000ec480000)
  from space 11264K, 0% used [0x00000000ed480000,0x00000000ed480000,0x00000000edf80000)
  to   space 13824K, 0% used [0x00000000ec480000,0x00000000ec480000,0x00000000ed200000)
 ParOldGen       total 96256K, used 17297K [0x00000000a0000000, 0x00000000a5e00000, 0x00000000e0000000)
  object space 96256K, 17% used [0x00000000a0000000,0x00000000a10e47a0,0x00000000a5e00000)
 Metaspace       used 34679K, capacity 35324K, committed 35416K, reserved 1079296K
  class space    used 4783K, capacity 4976K, committed 4992K, reserved 1048576K
}
Event: 7.565 GC heap before
{Heap before GC invocations=9 (full 2):
 PSYoungGen      total 212480K, used 201216K [0x00000000e0000000, 0x00000000edf80000, 0x0000000100000000)
  eden space 201216K, 100% used [0x00000000e0000000,0x00000000ec480000,0x00000000ec480000)
  from space 11264K, 0% used [0x00000000ed480000,0x00000000ed480000,0x00000000edf80000)
  to   space 13824K, 0% used [0x00000000ec480000,0x00000000ec480000,0x00000000ed200000)
 ParOldGen       total 96256K, used 17297K [0x00000000a0000000, 0x00000000a5e00000, 0x00000000e0000000)
  object space 96256K, 17% used [0x00000000a0000000,0x00000000a10e47a0,0x00000000a5e00000)
 Metaspace       used 48964K, capacity 50434K, committed 50560K, reserved 1093632K
  class space    used 6651K, capacity 7040K, committed 7040K, reserved 1048576K
Event: 7.584 GC heap after
Heap after GC invocations=9 (full 2):
 PSYoungGen      total 215040K, used 13811K [0x00000000e0000000, 0x00000000edf80000, 0x0000000100000000)
  eden space 201216K, 0% used [0x00000000e0000000,0x00000000e0000000,0x00000000ec480000)
  from space 13824K, 99% used [0x00000000ec480000,0x00000000ed1fcee8,0x00000000ed200000)
  to   space 11264K, 0% used [0x00000000ed480000,0x00000000ed480000,0x00000000edf80000)
 ParOldGen       total 96256K, used 22985K [0x00000000a0000000, 0x00000000a5e00000, 0x00000000e0000000)
  object space 96256K, 23% used [0x00000000a0000000,0x00000000a1672440,0x00000000a5e00000)
 Metaspace       used 48964K, capacity 50434K, committed 50560K, reserved 1093632K
  class space    used 6651K, capacity 7040K, committed 7040K, reserved 1048576K
}

