# JRE version: OpenJDK Runtime Environment (8.0_152-b02) (build 1.8.0_152-release-1024-b02)
# Java VM: OpenJDK 64-Bit Server VM (25.152-b02 mixed mode windows-amd64 compressed oops)
Heap:
 PSYoungGen      total 209920K, used 137120K [0x00000000e0000000, 0x00000000ee580000, 0x0000000100000000)
  eden space 190464K, 71% used [0x00000000e0000000,0x00000000e85e8088,0x00000000eba00000)
  from space 19456K, 0% used [0x00000000ecf00000,0x00000000ecf00000,0x00000000ee200000)
  to   space 21504K, 0% used [0x00000000eba00000,0x00000000eba00000,0x00000000ecf00000)
 ParOldGen       total 144896K, used 38476K [0x00000000a0000000, 0x00000000a8d80000, 0x00000000e0000000)
  object space 144896K, 26% used [0x00000000a0000000,0x00000000a25930e8,0x00000000a8d80000)
 Metaspace       used 66092K, capacity 68696K, committed 68864K, reserved 1107968K
  class space    used 9081K, capacity 9639K, committed 9728K, reserved 1048576K
GC Heap History (10 events):
Event: 3.785 GC heap before
{Heap before GC invocations=9 (full 2):
 PSYoungGen      total 140800K, used 9724K [0x00000000e0000000, 0x00000000eb180000, 0x0000000100000000)
  eden space 131072K, 0% used [0x00000000e0000000,0x00000000e0000000,0x00000000e8000000)
  from space 9728K, 99% used [0x00000000e8000000,0x00000000e897f1f8,0x00000000e8980000)
  to   space 12800K, 0% used [0x00000000ea500000,0x00000000ea500000,0x00000000eb180000)
 ParOldGen       total 58880K, used 10970K [0x00000000a0000000, 0x00000000a3980000, 0x00000000e0000000)
  object space 58880K, 18% used [0x00000000a0000000,0x00000000a0ab6a70,0x00000000a3980000)
 Metaspace       used 34673K, capacity 35324K, committed 35416K, reserved 1079296K
  class space    used 4783K, capacity 4976K, committed 4992K, reserved 1048576K
Event: 3.844 GC heap after
Heap after GC invocations=9 (full 2):
 PSYoungGen      total 140800K, used 0K [0x00000000e0000000, 0x00000000eb180000, 0x0000000100000000)
  eden space 131072K, 0% used [0x00000000e0000000,0x00000000e0000000,0x00000000e8000000)
  from space 9728K, 0% used [0x00000000e8000000,0x00000000e8000000,0x00000000e8980000)
  to   space 12800K, 0% used [0x00000000ea500000,0x00000000ea500000,0x00000000eb180000)
 ParOldGen       total 96256K, used 19049K [0x00000000a0000000, 0x00000000a5e00000, 0x00000000e0000000)
  object space 96256K, 19% used [0x00000000a0000000,0x00000000a129a4d0,0x00000000a5e00000)
 Metaspace       used 34673K, capacity 35324K, committed 35416K, reserved 1079296K
  class space    used 4783K, capacity 4976K, committed 4992K, reserved 1048576K
}
Event: 4.915 GC heap before
{Heap before GC invocations=10 (full 2):
 PSYoungGen      total 140800K, used 131072K [0x00000000e0000000, 0x00000000eb180000, 0x0000000100000000)
  eden space 131072K, 100% used [0x00000000e0000000,0x00000000e8000000,0x00000000e8000000)
  from space 9728K, 0% used [0x00000000e8000000,0x00000000e8000000,0x00000000e8980000)
  to   space 12800K, 0% used [0x00000000ea500000,0x00000000ea500000,0x00000000eb180000)
 ParOldGen       total 96256K, used 19049K [0x00000000a0000000, 0x00000000a5e00000, 0x00000000e0000000)
  object space 96256K, 19% used [0x00000000a0000000,0x00000000a129a4d0,0x00000000a5e00000)
 Metaspace       used 43022K, capacity 43986K, committed 44160K, reserved 1087488K
  class space    used 5953K, capacity 6248K, committed 6272K, reserved 1048576K
Event: 4.928 GC heap after
Heap after GC invocations=10 (full 2):
 PSYoungGen      total 166912K, used 12777K [0x00000000e0000000, 0x00000000ed380000, 0x0000000100000000)
  eden space 154112K, 0% used [0x00000000e0000000,0x00000000e0000000,0x00000000e9680000)
  from space 12800K, 99% used [0x00000000ea500000,0x00000000eb17a768,0x00000000eb180000)
  to   space 14848K, 0% used [0x00000000e9680000,0x00000000e9680000,0x00000000ea500000)
 ParOldGen       total 96256K, used 20472K [0x00000000a0000000, 0x00000000a5e00000, 0x00000000e0000000)
  object space 96256K, 21% used [0x00000000a0000000,0x00000000a13fe070,0x00000000a5e00000)
 Metaspace       used 43022K, capacity 43986K, committed 44160K, reserved 1087488K
  class space    used 5953K, capacity 6248K, committed 6272K, reserved 1048576K
}
Event: 7.046 GC heap before
{Heap before GC invocations=11 (full 2):
 PSYoungGen      total 166912K, used 166889K [0x00000000e0000000, 0x00000000ed380000, 0x0000000100000000)
  eden space 154112K, 100% used [0x00000000e0000000,0x00000000e9680000,0x00000000e9680000)
  from space 12800K, 99% used [0x00000000ea500000,0x00000000eb17a768,0x00000000eb180000)
  to   space 14848K, 0% used [0x00000000e9680000,0x00000000e9680000,0x00000000ea500000)
 ParOldGen       total 96256K, used 20472K [0x00000000a0000000, 0x00000000a5e00000, 0x00000000e0000000)
  object space 96256K, 21% used [0x00000000a0000000,0x00000000a13fe070,0x00000000a5e00000)
 Metaspace       used 53038K, capacity 54644K, committed 54784K, reserved 1095680K
  class space    used 7251K, capacity 7615K, committed 7680K, reserved 1048576K
Event: 7.077 GC heap after
Heap after GC invocations=11 (full 2):
 PSYoungGen      total 168960K, used 14829K [0x00000000e0000000, 0x00000000ee200000, 0x0000000100000000)
  eden space 154112K, 0% used [0x00000000e0000000,0x00000000e0000000,0x00000000e9680000)
  from space 14848K, 99% used [0x00000000e9680000,0x00000000ea4fb500,0x00000000ea500000)
  to   space 19456K, 0% used [0x00000000ecf00000,0x00000000ecf00000,0x00000000ee200000)
 ParOldGen       total 96256K, used 27495K [0x00000000a0000000, 0x00000000a5e00000, 0x00000000e0000000)
  object space 96256K, 28% used [0x00000000a0000000,0x00000000a1ad9df0,0x00000000a5e00000)
 Metaspace       used 53038K, capacity 54644K, committed 54784K, reserved 1095680K
  class space    used 7251K, capacity 7615K, committed 7680K, reserved 1048576K
}
Event: 9.015 GC heap before
{Heap before GC invocations=12 (full 2):
 PSYoungGen      total 168960K, used 83934K [0x00000000e0000000, 0x00000000ee200000, 0x0000000100000000)
  eden space 154112K, 44% used [0x00000000e0000000,0x00000000e437c320,0x00000000e9680000)
  from space 14848K, 99% used [0x00000000e9680000,0x00000000ea4fb500,0x00000000ea500000)
  to   space 19456K, 0% used [0x00000000ecf00000,0x00000000ecf00000,0x00000000ee200000)
 ParOldGen       total 96256K, used 27495K [0x00000000a0000000, 0x00000000a5e00000, 0x00000000e0000000)
  object space 96256K, 28% used [0x00000000a0000000,0x00000000a1ad9df0,0x00000000a5e00000)
 Metaspace       used 57218K, capacity 58864K, committed 59008K, reserved 1099776K
  class space    used 7800K, capacity 8233K, committed 8320K, reserved 1048576K
Event: 9.047 GC heap after
Heap after GC invocations=12 (full 2):
 PSYoungGen      total 209920K, used 17355K [0x00000000e0000000, 0x00000000ee580000, 0x0000000100000000)
  eden space 190464K, 0% used [0x00000000e0000000,0x00000000e0000000,0x00000000eba00000)
  from space 19456K, 89% used [0x00000000ecf00000,0x00000000edff2d10,0x00000000ee200000)
  to   space 21504K, 0% used [0x00000000eba00000,0x00000000eba00000,0x00000000ecf00000)
 ParOldGen       total 96256K, used 34689K [0x00000000a0000000, 0x00000000a5e00000, 0x00000000e0000000)
  object space 96256K, 36% used [0x00000000a0000000,0x00000000a21e0538,0x00000000a5e00000)
 Metaspace       used 57218K, capacity 58864K, committed 59008K, reserved 1099776K
  class space    used 7800K, capacity 8233K, committed 8320K, reserved 1048576K
}
Event: 9.047 GC heap before
{Heap before GC invocations=13 (full 3):
 PSYoungGen      total 209920K, used 17355K [0x00000000e0000000, 0x00000000ee580000, 0x0000000100000000)
  eden space 190464K, 0% used [0x00000000e0000000,0x00000000e0000000,0x00000000eba00000)
  from space 19456K, 89% used [0x00000000ecf00000,0x00000000edff2d10,0x00000000ee200000)
  to   space 21504K, 0% used [0x00000000eba00000,0x00000000eba00000,0x00000000ecf00000)
 ParOldGen       total 96256K, used 34689K [0x00000000a0000000, 0x00000000a5e00000, 0x00000000e0000000)
  object space 96256K, 36% used [0x00000000a0000000,0x00000000a21e0538,0x00000000a5e00000)
 Metaspace       used 57218K, capacity 58864K, committed 59008K, reserved 1099776K
  class space    used 7800K, capacity 8233K, committed 8320K, reserved 1048576K
Event: 9.212 GC heap after
Heap after GC invocations=13 (full 3):
 PSYoungGen      total 209920K, used 0K [0x00000000e0000000, 0x00000000ee580000, 0x0000000100000000)
  eden space 190464K, 0% used [0x00000000e0000000,0x00000000e0000000,0x00000000eba00000)
  from space 19456K, 0% used [0x00000000ecf00000,0x00000000ecf00000,0x00000000ee200000)
  to   space 21504K, 0% used [0x00000000eba00000,0x00000000eba00000,0x00000000ecf00000)
 ParOldGen       total 144896K, used 38476K [0x00000000a0000000, 0x00000000a8d80000, 0x00000000e0000000)
  object space 144896K, 26% used [0x00000000a0000000,0x00000000a25930e8,0x00000000a8d80000)
 Metaspace       used 57218K, capacity 58864K, committed 59008K, reserved 1099776K
  class space    used 7800K, capacity 8233K, committed 8320K, reserved 1048576K
}

